2025-04-08 20:55:31.968 INFO  com.java.train.member.config.MemberApplication    :53   [32m                  [0;39m Starting MemberApplication using Java 17.0.12 with PID 12228 (D:\work\demo_train\member\target\classes started by u in D:\work\demo_train)
2025-04-08 20:55:31.969 INFO  com.java.train.member.config.MemberApplication    :652  [32m                  [0;39m No active profile set, falling back to 1 default profile: "default"
2025-04-08 20:55:32.104 INFO  o.springframework.cloud.context.scope.GenericScope:282  [32m                  [0;39m BeanFactory id=306e481a-a871-37c6-b8c4-bddaf762c7eb
2025-04-08 20:55:32.140 INFO  o.s.boot.web.embedded.tomcat.TomcatWebServer      :111  [32m                  [0;39m Tomcat initialized with port 8888 (http)
2025-04-08 20:55:32.141 INFO  org.apache.catalina.core.StandardService          :173  [32m                  [0;39m Starting service [Tomcat]
2025-04-08 20:55:32.142 INFO  org.apache.catalina.core.StandardEngine           :173  [32m                  [0;39m Starting Servlet engine: [Apache Tomcat/10.1.39]
2025-04-08 20:55:32.165 INFO  o.a.c.c.C.[Tomcat].[localhost].[/member]          :173  [32m                  [0;39m Initializing Spring embedded WebApplicationContext
2025-04-08 20:55:32.165 INFO  o.s.b.w.s.c.ServletWebServerApplicationContext    :301  [32m                  [0;39m Root WebApplicationContext: initialization completed in 194 ms
2025-04-08 20:55:32.214 INFO  o.s.b.d.autoconfigure.OptionalLiveReloadServer    :59   [32m                  [0;39m LiveReload server is running on port 35729
2025-04-08 20:55:32.351 INFO  o.s.boot.web.embedded.tomcat.TomcatWebServer      :243  [32m                  [0;39m Tomcat started on port 8888 (http) with context path '/member'
2025-04-08 20:55:32.467 INFO  com.java.train.member.config.MemberApplication    :59   [32m                  [0;39m Started MemberApplication in 0.796 seconds (process running for 797.239)
2025-04-08 20:55:32.468 INFO  o.s.b.d.a.ConditionEvaluationDeltaLoggingListener :63   [32m                  [0;39m Condition evaluation unchanged
2025-04-08 20:55:32.468 INFO  com.java.train.member.config.MemberApplication    :20   [32m                  [0;39m 启动成功！
2025-04-08 20:55:32.468 INFO  com.java.train.member.config.MemberApplication    :21   [32m                  [0;39m 测试地址：	http://127.0.0.1:8888/member 
2025-04-08 20:55:48.883 INFO  o.s.b.d.a.LocalDevToolsAutoConfiguration$RestartingClassPathChangeChangedEventListener:211  [32m                  [0;39m Restarting due to 1 class path change (0 additions, 0 deletions, 1 modification)
2025-04-08 20:55:48.884 INFO  o.s.boot.web.embedded.tomcat.GracefulShutdown     :54   [32m                  [0;39m Commencing graceful shutdown. Waiting for active requests to complete
2025-04-08 20:55:48.976 INFO  o.s.boot.web.embedded.tomcat.GracefulShutdown     :76   [32m                  [0;39m Graceful shutdown complete
2025-04-08 20:55:49.134 INFO  com.java.train.member.config.MemberApplication    :53   [32m                  [0;39m Starting MemberApplication using Java 17.0.12 with PID 12228 (D:\work\demo_train\member\target\classes started by u in D:\work\demo_train)
2025-04-08 20:55:49.134 INFO  com.java.train.member.config.MemberApplication    :652  [32m                  [0;39m No active profile set, falling back to 1 default profile: "default"
2025-04-08 20:55:49.237 INFO  o.springframework.cloud.context.scope.GenericScope:282  [32m                  [0;39m BeanFactory id=306e481a-a871-37c6-b8c4-bddaf762c7eb
2025-04-08 20:55:49.263 INFO  o.s.boot.web.embedded.tomcat.TomcatWebServer      :111  [32m                  [0;39m Tomcat initialized with port 8888 (http)
2025-04-08 20:55:49.264 INFO  org.apache.catalina.core.StandardService          :173  [32m                  [0;39m Starting service [Tomcat]
2025-04-08 20:55:49.264 INFO  org.apache.catalina.core.StandardEngine           :173  [32m                  [0;39m Starting Servlet engine: [Apache Tomcat/10.1.39]
2025-04-08 20:55:49.287 INFO  o.a.c.c.C.[Tomcat].[localhost].[/member]          :173  [32m                  [0;39m Initializing Spring embedded WebApplicationContext
2025-04-08 20:55:49.287 INFO  o.s.b.w.s.c.ServletWebServerApplicationContext    :301  [32m                  [0;39m Root WebApplicationContext: initialization completed in 151 ms
2025-04-08 20:55:49.331 INFO  o.s.b.d.autoconfigure.OptionalLiveReloadServer    :59   [32m                  [0;39m LiveReload server is running on port 35729
2025-04-08 20:55:49.470 INFO  o.s.boot.web.embedded.tomcat.TomcatWebServer      :243  [32m                  [0;39m Tomcat started on port 8888 (http) with context path '/member'
2025-04-08 20:55:49.589 INFO  com.java.train.member.config.MemberApplication    :59   [32m                  [0;39m Started MemberApplication in 0.582 seconds (process running for 814.362)
2025-04-08 20:55:49.590 INFO  o.s.b.d.a.ConditionEvaluationDeltaLoggingListener :63   [32m                  [0;39m Condition evaluation unchanged
2025-04-08 20:55:49.590 INFO  com.java.train.member.config.MemberApplication    :20   [32m                  [0;39m 启动成功！
2025-04-08 20:55:49.591 INFO  com.java.train.member.config.MemberApplication    :21   [32m                  [0;39m 测试地址：	http://127.0.0.1:8888/member 
2025-04-08 20:55:54.809 INFO  o.s.b.d.a.LocalDevToolsAutoConfiguration$RestartingClassPathChangeChangedEventListener:211  [32m                  [0;39m Restarting due to 1 class path change (0 additions, 0 deletions, 1 modification)
2025-04-08 20:55:54.809 INFO  o.s.boot.web.embedded.tomcat.GracefulShutdown     :54   [32m                  [0;39m Commencing graceful shutdown. Waiting for active requests to complete
2025-04-08 20:55:54.902 INFO  o.s.boot.web.embedded.tomcat.GracefulShutdown     :76   [32m                  [0;39m Graceful shutdown complete
2025-04-08 20:55:55.067 INFO  com.java.train.member.config.MemberApplication    :53   [32m                  [0;39m Starting MemberApplication using Java 17.0.12 with PID 12228 (D:\work\demo_train\member\target\classes started by u in D:\work\demo_train)
2025-04-08 20:55:55.068 INFO  com.java.train.member.config.MemberApplication    :652  [32m                  [0;39m No active profile set, falling back to 1 default profile: "default"
2025-04-08 20:55:55.156 INFO  o.springframework.cloud.context.scope.GenericScope:282  [32m                  [0;39m BeanFactory id=306e481a-a871-37c6-b8c4-bddaf762c7eb
2025-04-08 20:55:55.178 INFO  o.s.boot.web.embedded.tomcat.TomcatWebServer      :111  [32m                  [0;39m Tomcat initialized with port 8888 (http)
2025-04-08 20:55:55.179 INFO  org.apache.catalina.core.StandardService          :173  [32m                  [0;39m Starting service [Tomcat]
2025-04-08 20:55:55.179 INFO  org.apache.catalina.core.StandardEngine           :173  [32m                  [0;39m Starting Servlet engine: [Apache Tomcat/10.1.39]
2025-04-08 20:55:55.197 INFO  o.a.c.c.C.[Tomcat].[localhost].[/member]          :173  [32m                  [0;39m Initializing Spring embedded WebApplicationContext
2025-04-08 20:55:55.197 INFO  o.s.b.w.s.c.ServletWebServerApplicationContext    :301  [32m                  [0;39m Root WebApplicationContext: initialization completed in 128 ms
2025-04-08 20:55:55.235 INFO  o.s.b.d.autoconfigure.OptionalLiveReloadServer    :59   [32m                  [0;39m LiveReload server is running on port 35729
2025-04-08 20:55:55.361 INFO  o.s.boot.web.embedded.tomcat.TomcatWebServer      :243  [32m                  [0;39m Tomcat started on port 8888 (http) with context path '/member'
2025-04-08 20:55:55.476 INFO  com.java.train.member.config.MemberApplication    :59   [32m                  [0;39m Started MemberApplication in 0.543 seconds (process running for 820.249)
2025-04-08 20:55:55.477 INFO  o.s.b.d.a.ConditionEvaluationDeltaLoggingListener :63   [32m                  [0;39m Condition evaluation unchanged
2025-04-08 20:55:55.477 INFO  com.java.train.member.config.MemberApplication    :20   [32m                  [0;39m 启动成功！
2025-04-08 20:55:55.478 INFO  com.java.train.member.config.MemberApplication    :21   [32m                  [0;39m 测试地址：	http://127.0.0.1:8888/member 
2025-04-08 20:56:48.709 INFO  o.s.boot.web.embedded.tomcat.GracefulShutdown     :54   [32m                  [0;39m Commencing graceful shutdown. Waiting for active requests to complete
2025-04-08 20:56:48.800 INFO  o.s.boot.web.embedded.tomcat.GracefulShutdown     :76   [32m                  [0;39m Graceful shutdown complete
2025-04-08 20:56:57.366 INFO  com.java.train.member.config.MemberApplication    :53   [32m                  [0;39m Starting MemberApplication using Java 17.0.12 with PID 4228 (D:\work\demo_train\member\target\classes started by u in D:\work\demo_train)
2025-04-08 20:56:57.369 INFO  com.java.train.member.config.MemberApplication    :652  [32m                  [0;39m No active profile set, falling back to 1 default profile: "default"
2025-04-08 20:56:57.426 INFO  o.s.b.d.env.DevToolsPropertyDefaultsPostProcessor :252  [32m                  [0;39m Devtools property defaults active! Set 'spring.devtools.add-properties' to 'false' to disable
2025-04-08 20:56:57.427 INFO  o.s.b.d.env.DevToolsPropertyDefaultsPostProcessor :252  [32m                  [0;39m For additional web related logging consider setting the 'logging.level.web' property to 'DEBUG'
2025-04-08 20:56:58.149 INFO  o.springframework.cloud.context.scope.GenericScope:282  [32m                  [0;39m BeanFactory id=306e481a-a871-37c6-b8c4-bddaf762c7eb
2025-04-08 20:56:58.590 INFO  o.s.boot.web.embedded.tomcat.TomcatWebServer      :111  [32m                  [0;39m Tomcat initialized with port 8888 (http)
2025-04-08 20:56:58.602 INFO  org.apache.coyote.http11.Http11NioProtocol        :173  [32m                  [0;39m Initializing ProtocolHandler ["http-nio-8888"]
2025-04-08 20:56:58.605 INFO  org.apache.catalina.core.StandardService          :173  [32m                  [0;39m Starting service [Tomcat]
2025-04-08 20:56:58.606 INFO  org.apache.catalina.core.StandardEngine           :173  [32m                  [0;39m Starting Servlet engine: [Apache Tomcat/10.1.39]
2025-04-08 20:56:58.657 INFO  o.a.c.c.C.[Tomcat].[localhost].[/member]          :173  [32m                  [0;39m Initializing Spring embedded WebApplicationContext
2025-04-08 20:56:58.658 INFO  o.s.b.w.s.c.ServletWebServerApplicationContext    :301  [32m                  [0;39m Root WebApplicationContext: initialization completed in 1230 ms
2025-04-08 20:56:59.059 INFO  o.s.b.d.autoconfigure.OptionalLiveReloadServer    :59   [32m                  [0;39m LiveReload server is running on port 35729
2025-04-08 20:56:59.241 INFO  org.apache.coyote.http11.Http11NioProtocol        :173  [32m                  [0;39m Starting ProtocolHandler ["http-nio-8888"]
2025-04-08 20:56:59.263 INFO  o.s.boot.web.embedded.tomcat.TomcatWebServer      :243  [32m                  [0;39m Tomcat started on port 8888 (http) with context path '/member'
2025-04-08 20:56:59.419 INFO  com.java.train.member.config.MemberApplication    :59   [32m                  [0;39m Started MemberApplication in 2.767 seconds (process running for 3.528)
2025-04-08 20:56:59.423 INFO  com.java.train.member.config.MemberApplication    :20   [32m                  [0;39m 启动成功！
2025-04-08 20:56:59.424 INFO  com.java.train.member.config.MemberApplication    :21   [32m                  [0;39m 测试地址：	http://127.0.0.1:8888/member 
